<?xml version="1.0" encoding="UTF-8"?>
<!-- Generated by org.testng.reporters.JUnitReportReporter -->
<testsuite hostname="DESKTOP-GFKKN7N" failures="0" tests="13" name="com.easyserv.testcases.Admin.BookingListTest" time="0.000" errors="0" timestamp="2023-02-10T09:27:35 ICT" skipped="13">
  <testcase classname="com.easyserv.testcases.Admin.BookingListTest" name="BookingListTest_TC001" time="0.000">
    <skipped/>
  </testcase> <!-- BookingListTest_TC001 -->
  <system-out/>
  <testcase classname="com.easyserv.testcases.Admin.BookingListTest" name="BookingListTest_TC002" time="0.000">
    <skipped/>
  </testcase> <!-- BookingListTest_TC002 -->
  <system-out/>
  <testcase classname="com.easyserv.testcases.Admin.BookingListTest" name="BookingListTest_TC003" time="0.000">
    <skipped/>
  </testcase> <!-- BookingListTest_TC003 -->
  <system-out/>
  <testcase classname="com.easyserv.testcases.Admin.BookingListTest" name="BookingListTest_TC004" time="0.000">
    <skipped/>
  </testcase> <!-- BookingListTest_TC004 -->
  <system-out/>
  <testcase classname="com.easyserv.testcases.Admin.BookingListTest" name="BookingListTest_TC005" time="0.000">
    <skipped/>
  </testcase> <!-- BookingListTest_TC005 -->
  <system-out/>
  <testcase classname="com.easyserv.testcases.Admin.BookingListTest" name="BookingListTest_TC006" time="0.000">
    <skipped/>
  </testcase> <!-- BookingListTest_TC006 -->
  <system-out/>
  <testcase classname="com.easyserv.testcases.Admin.BookingListTest" name="BookingListTest_TC007_1" time="0.000">
    <skipped/>
  </testcase> <!-- BookingListTest_TC007_1 -->
  <system-out/>
  <testcase classname="com.easyserv.testcases.Admin.BookingListTest" name="BookingListTest_TC007_2" time="0.000">
    <skipped/>
  </testcase> <!-- BookingListTest_TC007_2 -->
  <system-out/>
  <testcase classname="com.easyserv.testcases.Admin.BookingListTest" name="BookingListTest_TC007_3" time="0.000">
    <skipped/>
  </testcase> <!-- BookingListTest_TC007_3 -->
  <system-out/>
  <testcase classname="com.easyserv.testcases.Admin.BookingListTest" name="BookingListTest_TC008" time="0.000">
    <skipped/>
  </testcase> <!-- BookingListTest_TC008 -->
  <system-out/>
  <testcase classname="com.easyserv.testcases.Admin.BookingListTest" name="BookingListTest_TC009" time="0.000">
    <skipped/>
  </testcase> <!-- BookingListTest_TC009 -->
  <system-out/>
  <testcase classname="com.easyserv.testcases.Admin.BookingListTest" name="BookingListTest_TC010_1" time="0.000">
    <skipped/>
  </testcase> <!-- BookingListTest_TC010_1 -->
  <system-out/>
  <testcase classname="com.easyserv.testcases.Admin.BookingListTest" name="BookingListTest_TC010_2" time="0.000">
    <skipped/>
  </testcase> <!-- BookingListTest_TC010_2 -->
  <system-out/>
</testsuite> <!-- com.easyserv.testcases.Admin.BookingListTest -->
