<?xml version="1.0" encoding="UTF-8"?>
<!-- Generated by org.testng.reporters.JUnitReportReporter -->
<testsuite hostname="DESKTOP-GFKKN7N" failures="0" tests="3" name="com.easyserv.testcases.Admin.LoginTest" time="12.032" errors="0" timestamp="2022-12-08T23:45:38 ICT" skipped="0">
  <testcase classname="com.easyserv.testcases.Admin.LoginTest" name="LoginEasy" time="5.070"/>
  <system-out/>
  <testcase classname="com.easyserv.testcases.Admin.LoginTest" name="LoginEasy1" time="5.386"/>
  <system-out/>
  <testcase classname="com.easyserv.testcases.Admin.LoginTest" name="LoginEasy2" time="1.576"/>
  <system-out/>
</testsuite> <!-- com.easyserv.testcases.Admin.LoginTest -->
