<?xml version="1.0" encoding="UTF-8"?>
<!-- Generated by org.testng.reporters.JUnitReportReporter -->
<testsuite hostname="DESKTOP-GFKKN7N" failures="0" tests="3" name="com.easyserv.testcases.Admin.LoginTestLink" time="3.853" errors="0" timestamp="2022-12-11T10:57:30 ICT" skipped="0">
  <testcase classname="com.easyserv.testcases.Admin.LoginTestLink" name="LoginEasy" time="2.550"/>
  <system-out/>
  <testcase classname="com.easyserv.testcases.Admin.LoginTestLink" name="Dashboard" time="1.239"/>
  <system-out/>
  <testcase classname="com.easyserv.testcases.Admin.LoginTestLink" name="BookingManage" time="0.064"/>
  <system-out/>
</testsuite> <!-- com.easyserv.testcases.Admin.LoginTestLink -->
